Using pre-set license
Built from '2020.3/release' branch; Version is '2020.3.2f1 (8fd9074bf66c) revision 9427207'; Using compiler version '192528614'; Build Type 'Release'
OS: 'Windows 10 Home; OS build 19042.985; Version 2009; 64bit' Language: 'ja' Physical Memory: 16238 MB
BatchMode: 1, IsHumanControllingUs: 0, StartBugReporterOnCrash: 0, Is64bit: 1, IsPro: 0

 COMMAND LINE ARGUMENTS:
C:\Program Files\Unity\Hub\Editor\2020.3.2f1\Editor\Unity.exe
-adb2
-batchMode
-noUpm
-name
AssetImportWorker0
-projectPath
C:/Users/xyz11/2DGame
-logFile
Logs/AssetImportWorker0.log
-srvPort
60144
Successfully changed project path to: C:/Users/xyz11/2DGame
C:/Users/xyz11/2DGame
Using Asset Import Pipeline V2.
Refreshing native plugins compatible for Editor in 117.59 ms, found 1 plugins.
Preloading 0 native plugins for Editor in 0.00 ms.
Initialize engine version: 2020.3.2f1 (8fd9074bf66c)
[Subsystems] Discovering subsystems at path C:/Program Files/Unity/Hub/Editor/2020.3.2f1/Editor/Data/Resources/UnitySubsystems
[Subsystems] Discovering subsystems at path C:/Users/xyz11/2DGame/Assets
GfxDevice: creating device client; threaded=0
Direct3D:
    Version:  Direct3D 11.0 [level 11.1]
    Renderer: Intel(R) UHD Graphics (ID=0x9b41)
    Vendor:   
    VRAM:     8119 MB
    Driver:   27.20.100.9126
Initialize mono
Mono path[0] = 'C:/Program Files/Unity/Hub/Editor/2020.3.2f1/Editor/Data/Managed'
Mono path[1] = 'C:/Program Files/Unity/Hub/Editor/2020.3.2f1/Editor/Data/MonoBleedingEdge/lib/mono/unityjit'
Mono config path = 'C:/Program Files/Unity/Hub/Editor/2020.3.2f1/Editor/Data/MonoBleedingEdge/etc'
Using monoOptions --debugger-agent=transport=dt_socket,embedding=1,server=y,suspend=n,address=127.0.0.1:56064
Begin MonoManager ReloadAssembly
Registering precompiled unity dll's ...
Register platform support module: C:/Program Files/Unity/Hub/Editor/2020.3.2f1/Editor/Data/PlaybackEngines/WindowsStandaloneSupport/UnityEditor.WindowsStandalone.Extensions.dll
Registered in 0.114359 seconds.
Native extension for WindowsStandalone target not found
Refreshing native plugins compatible for Editor in 42.39 ms, found 1 plugins.
Preloading 0 native plugins for Editor in 0.00 ms.
Invoked RoslynAnalysisRunner static constructor.
RoslynAnalysisRunner will not be running.
RoslynAnalysisRunner has terminated.
Mono: successfully reloaded assembly
- Completed reload, in  4.488 seconds
Platform modules already initialized, skipping
Registering precompiled user dll's ...
Registered in 0.189735 seconds.
Begin MonoManager ReloadAssembly
Native extension for WindowsStandalone target not found
Refreshing native plugins compatible for Editor in 46.15 ms, found 1 plugins.
Preloading 0 native plugins for Editor in 0.00 ms.
Invoked RoslynAnalysisRunner static constructor.
RoslynAnalysisRunner will not be running.
RoslynAnalysisRunner has terminated.
Mono: successfully reloaded assembly
- Completed reload, in  3.069 seconds
Platform modules already initialized, skipping
========================================================================
Worker process is ready to serve import requests
Launched and connected shader compiler UnityShaderCompiler.exe after 0.07 seconds
Refreshing native plugins compatible for Editor in 0.51 ms, found 1 plugins.
Preloading 0 native plugins for Editor in 0.00 ms.
Unloading 1982 Unused Serialized files (Serialized files now loaded: 0)
System memory in use before: 93.6 MB.
System memory in use after: 93.7 MB.

Unloading 22 unused Assets to reduce memory usage. Loaded Objects now: 2434.
Total: 2.321400 ms (FindLiveObjects: 0.185300 ms CreateObjectMapping: 0.056900 ms MarkObjects: 2.004600 ms  DeleteObjects: 0.073500 ms)

========================================================================
Received Import Request.
  path: Assets/Scenes/titleScene.unity
  artifactKey: Guid(f09a362ff55205149a34005519c3c3df) Importer(815301076,1909f56bfc062723c751e8b465ee728b)
Start importing Assets/Scenes/titleScene.unity using Guid(f09a362ff55205149a34005519c3c3df) Importer(815301076,1909f56bfc062723c751e8b465ee728b)  -> (artifact id: '23f3b2ceafb12b5dd80af000fefbb91f') in 0.014845 seconds
  Import took 0.017866 seconds .

========================================================================
Received Import Request.
  Time since last request: 29.777493 seconds.
  path: Assets/Scenes/Main.unity
  artifactKey: Guid(821a02765fc4ff64f83b9cca7177c1ce) Importer(815301076,1909f56bfc062723c751e8b465ee728b)
Start importing Assets/Scenes/Main.unity using Guid(821a02765fc4ff64f83b9cca7177c1ce) Importer(815301076,1909f56bfc062723c751e8b465ee728b)  -> (artifact id: 'bda6ef62fb60746d7cc28aa9db5a675e') in 0.011469 seconds
  Import took 0.015096 seconds .

========================================================================
Received Import Request.
  Time since last request: 12.579524 seconds.
  path: Assets/Scenes/Main1.unity
  artifactKey: Guid(821a02765fc4ff64f83b9cca7177c1ce) Importer(815301076,1909f56bfc062723c751e8b465ee728b)
Start importing Assets/Scenes/Main1.unity using Guid(821a02765fc4ff64f83b9cca7177c1ce) Importer(815301076,1909f56bfc062723c751e8b465ee728b)  -> (artifact id: '47c2729fd2a29ce5ae42e79a34564b90') in 0.011440 seconds
  Import took 0.015706 seconds .

========================================================================
Received Import Request.
  Time since last request: 884.961876 seconds.
  path: Assets/Scenes/Unity-FadeManager-master (1).zip
  artifactKey: Guid(c48edc881fa12cd4e8b3d1d3474c862f) Importer(815301076,1909f56bfc062723c751e8b465ee728b)
Start importing Assets/Scenes/Unity-FadeManager-master (1).zip using Guid(c48edc881fa12cd4e8b3d1d3474c862f) Importer(815301076,1909f56bfc062723c751e8b465ee728b)  -> (artifact id: 'ca460f15c85322f5f2d06f8d703436d4') in 0.025002 seconds
  Import took 0.029408 seconds .

========================================================================
Received Import Request.
  Time since last request: 116.706450 seconds.
  path: Assets/Scripts/Title
  artifactKey: Guid(6fb32098a54dc774991c9c96f98ff690) Importer(815301076,1909f56bfc062723c751e8b465ee728b)
Start importing Assets/Scripts/Title using Guid(6fb32098a54dc774991c9c96f98ff690) Importer(815301076,1909f56bfc062723c751e8b465ee728b)  -> (artifact id: 'c457ec23570bc713cbfbc685f9150912') in 0.008595 seconds
  Import took 0.012677 seconds .

========================================================================
Received Import Request.
  Time since last request: 35.952630 seconds.
  path: Assets/Scripts/Title/NewBehaviourScript.cs
  artifactKey: Guid(9ebd4cfda888e46438e34739f38bcb1d) Importer(815301076,1909f56bfc062723c751e8b465ee728b)
Start importing Assets/Scripts/Title/NewBehaviourScript.cs using Guid(9ebd4cfda888e46438e34739f38bcb1d) Importer(815301076,1909f56bfc062723c751e8b465ee728b)  -> (artifact id: '4a8e1730a6197e80fc5afad5d11063d1') in 0.020436 seconds
  Import took 0.023543 seconds .

========================================================================
Received Prepare
Registering precompiled user dll's ...
Registered in 0.001541 seconds.
Begin MonoManager ReloadAssembly
Native extension for WindowsStandalone target not found
Refreshing native plugins compatible for Editor in 0.47 ms, found 1 plugins.
Preloading 0 native plugins for Editor in 0.00 ms.
Invoked RoslynAnalysisRunner static constructor.
RoslynAnalysisRunner will not be running.
RoslynAnalysisRunner has terminated.
Mono: successfully reloaded assembly
- Completed reload, in  0.867 seconds
Platform modules already initialized, skipping
Refreshing native plugins compatible for Editor in 0.51 ms, found 1 plugins.
Preloading 0 native plugins for Editor in 0.00 ms.
Unloading 1970 Unused Serialized files (Serialized files now loaded: 0)
System memory in use before: 92.9 MB.
System memory in use after: 93.1 MB.

Unloading 11 unused Assets to reduce memory usage. Loaded Objects now: 2437.
Total: 4.726200 ms (FindLiveObjects: 0.472600 ms CreateObjectMapping: 0.242300 ms MarkObjects: 3.989400 ms  DeleteObjects: 0.017400 ms)

========================================================================
Received Import Request.
  Time since last request: 102.376759 seconds.
  path: Assets/Scripts/Title/TitleScene.cs
  artifactKey: Guid(0b47a527483bea54582bfefa82ac5191) Importer(815301076,1909f56bfc062723c751e8b465ee728b)
Start importing Assets/Scripts/Title/TitleScene.cs using Guid(0b47a527483bea54582bfefa82ac5191) Importer(815301076,1909f56bfc062723c751e8b465ee728b)  -> (artifact id: '58bda32965002590470a9fe3bcf442b9') in 0.012291 seconds
  Import took 0.016429 seconds .

========================================================================
Received Prepare
Registering precompiled user dll's ...
Registered in 0.001621 seconds.
Begin MonoManager ReloadAssembly
Native extension for WindowsStandalone target not found
Refreshing native plugins compatible for Editor in 0.55 ms, found 1 plugins.
Preloading 0 native plugins for Editor in 0.00 ms.
Invoked RoslynAnalysisRunner static constructor.
RoslynAnalysisRunner will not be running.
RoslynAnalysisRunner has terminated.
Mono: successfully reloaded assembly
- Completed reload, in  0.909 seconds
Platform modules already initialized, skipping
Refreshing native plugins compatible for Editor in 0.58 ms, found 1 plugins.
Preloading 0 native plugins for Editor in 0.00 ms.
Unloading 1971 Unused Serialized files (Serialized files now loaded: 0)
System memory in use before: 93.0 MB.
System memory in use after: 93.1 MB.

Unloading 11 unused Assets to reduce memory usage. Loaded Objects now: 2441.
Total: 2.498700 ms (FindLiveObjects: 0.243200 ms CreateObjectMapping: 0.077600 ms MarkObjects: 2.143000 ms  DeleteObjects: 0.033900 ms)

AssetImportWorkerClient::OnTransportError - code=2 error=End of file
